<?xml version="1.0" encoding="UTF-8"?>
<testsuite name="ContactStatus列挙型のテスト" tests="4" skipped="0" failures="0" errors="0" timestamp="2025-07-18T22:54:42.896Z" hostname="A8" time="0.172">
  <properties/>
  <testcase name="存在しないステータス名でvalueOf()を呼ぶとIllegalArgumentExceptionが発生する" classname="jp.kensudo.entity.ContactTest$ContactStatusEnumTests" time="0.068"/>
  <testcase name="各ステータスの表示名が正しく設定されている" classname="jp.kensudo.entity.ContactTest$ContactStatusEnumTests" time="0.051"/>
  <testcase name="values()メソッドが全てのステータスを返す" classname="jp.kensudo.entity.ContactTest$ContactStatusEnumTests" time="0.022"/>
  <testcase name="valueOf()メソッドが正しいステータスを返す" classname="jp.kensudo.entity.ContactTest$ContactStatusEnumTests" time="0.015"/>
  <system-out><![CDATA[]]></system-out>
  <system-err><![CDATA[]]></system-err>
</testsuite>
