<?xml version="1.0" encoding="UTF-8"?>
<testsuite name="jp.kensudo.KensudoWebsiteApplicationTest" tests="1" skipped="0" failures="0" errors="0" timestamp="2025-07-20T05:09:48.518Z" hostname="A8" time="0.404">
  <properties/>
  <testcase name="contextLoads()" classname="jp.kensudo.KensudoWebsiteApplicationTest" time="0.404"/>
  <system-out><![CDATA[14:09:42.591 [Test worker] INFO org.springframework.test.context.support.AnnotationConfigContextLoaderUtils -- Could not detect default configuration classes for test class [jp.kensudo.KensudoWebsiteApplicationTest]: KensudoWebsiteApplicationTest does not declare any static, non-private, non-final, nested classes annotated with @Configuration.
14:09:42.757 [Test worker] INFO org.springframework.boot.test.context.SpringBootTestContextBootstrapper -- Found @SpringBootConfiguration jp.kensudo.KensudoWebsiteApplication for test class jp.kensudo.KensudoWebsiteApplicationTest

  .   ____          _            __ _ _
 /\\ / ___'_ __ _ _(_)_ __  __ _ \ \ \ \
( ( )\___ | '_ | '_| | '_ \/ _` | \ \ \ \
 \\/  ___)| |_)| | | | | || (_| |  ) ) ) )
  '  |____| .__|_| |_|_| |_\__, | / / / /
 =========|_|==============|___/=/_/_/_/
 :: Spring Boot ::                (v3.2.0)

2025-07-20 14:09:43 - Starting KensudoWebsiteApplicationTest using Java 21.0.6 with PID 24900 (started by kensu in C:\devlop\it_consultant\backend)
2025-07-20 14:09:43 - Running with Spring Boot v3.2.0, Spring v6.1.1
2025-07-20 14:09:43 - The following 1 profile is active: "test"
2025-07-20 14:09:44 - Bootstrapping Spring Data JPA repositories in DEFAULT mode.
2025-07-20 14:09:44 - Finished Spring Data repository scanning in 83 ms. Found 2 JPA repository interfaces.
2025-07-20 14:09:44 - HHH000204: Processing PersistenceUnitInfo [name: default]
2025-07-20 14:09:44 - HHH000412: Hibernate ORM core version 6.3.1.Final
2025-07-20 14:09:44 - HHH000026: Second-level cache disabled
2025-07-20 14:09:45 - No LoadTimeWeaver setup: ignoring JPA class transformer
2025-07-20 14:09:45 - HikariPool-1 - Starting...
2025-07-20 14:09:45 - HikariPool-1 - Added connection conn0: url=jdbc:h2:mem:testdb user=SA
2025-07-20 14:09:45 - HikariPool-1 - Start completed.
2025-07-20 14:09:45 - HHH90000025: H2Dialect does not need to be specified explicitly using 'hibernate.dialect' (remove the property setting and it will be selected by default)
2025-07-20 14:09:46 - HHH000489: No JTA platform available (set 'hibernate.transaction.jta.platform' to enable JTA platform integration)
2025-07-20 14:09:46 - 
    drop table if exists blog_post_tags cascade 
Hibernate: 
    drop table if exists blog_post_tags cascade 
2025-07-20 14:09:46 - 
    drop table if exists blog_posts cascade 
Hibernate: 
    drop table if exists blog_posts cascade 
2025-07-20 14:09:46 - 
    drop table if exists contacts cascade 
Hibernate: 
    drop table if exists contacts cascade 
2025-07-20 14:09:46 - 
    create table blog_post_tags (
        post_id bigint not null,
        tag varchar(255)
    )
Hibernate: 
    create table blog_post_tags (
        post_id bigint not null,
        tag varchar(255)
    )
2025-07-20 14:09:46 - 
    create table blog_posts (
        view_count integer,
        created_at timestamp(6) not null,
        id bigint generated by default as identity,
        published_at timestamp(6),
        updated_at timestamp(6),
        content TEXT not null,
        excerpt TEXT,
        featured_image varchar(255),
        slug varchar(255) unique,
        status varchar(255) not null check (status in ('DRAFT','PUBLISHED','ARCHIVED')),
        title varchar(255) not null,
        primary key (id)
    )
Hibernate: 
    create table blog_posts (
        view_count integer,
        created_at timestamp(6) not null,
        id bigint generated by default as identity,
        published_at timestamp(6),
        updated_at timestamp(6),
        content TEXT not null,
        excerpt TEXT,
        featured_image varchar(255),
        slug varchar(255) unique,
        status varchar(255) not null check (status in ('DRAFT','PUBLISHED','ARCHIVED')),
        title varchar(255) not null,
        primary key (id)
    )
2025-07-20 14:09:46 - 
    create table contacts (
        created_at timestamp(6) not null,
        id bigint generated by default as identity,
        company varchar(255),
        email varchar(255) not null,
        message TEXT not null,
        name varchar(255) not null,
        phone varchar(255),
        status varchar(255) not null check (status in ('NEW','IN_PROGRESS','COMPLETED','CLOSED')),
        subject varchar(255) not null,
        primary key (id)
    )
Hibernate: 
    create table contacts (
        created_at timestamp(6) not null,
        id bigint generated by default as identity,
        company varchar(255),
        email varchar(255) not null,
        message TEXT not null,
        name varchar(255) not null,
        phone varchar(255),
        status varchar(255) not null check (status in ('NEW','IN_PROGRESS','COMPLETED','CLOSED')),
        subject varchar(255) not null,
        primary key (id)
    )
2025-07-20 14:09:46 - 
    alter table if exists blog_post_tags 
       add constraint FK7tf83uatm3u6lm9mcthgr8vfh 
       foreign key (post_id) 
       references blog_posts
Hibernate: 
    alter table if exists blog_post_tags 
       add constraint FK7tf83uatm3u6lm9mcthgr8vfh 
       foreign key (post_id) 
       references blog_posts
2025-07-20 14:09:46 - Initialized JPA EntityManagerFactory for persistence unit 'default'
2025-07-20 14:09:47 - Hibernate is in classpath; If applicable, HQL parser will be used.
2025-07-20 14:09:47 - spring.jpa.open-in-view is enabled by default. Therefore, database queries may be performed during view rendering. Explicitly configure spring.jpa.open-in-view to disable this warning
2025-07-20 14:09:48 - H2 console available at '/h2-console'. Database available at 'jdbc:h2:mem:testdb'
2025-07-20 14:09:48 - 

Using generated security password: 32743e60-0520-45e5-8ac2-521619a6bccb

This generated password is for development use only. Your security configuration must be updated before running your application in production.

2025-07-20 14:09:48 - Will secure any request with [org.springframework.security.web.session.DisableEncodeUrlFilter@3bc81985, org.springframework.security.web.context.request.async.WebAsyncManagerIntegrationFilter@5bf5d00, org.springframework.security.web.context.SecurityContextHolderFilter@3d64f938, org.springframework.security.web.header.HeaderWriterFilter@76111797, org.springframework.web.filter.CorsFilter@13c39517, org.springframework.security.web.csrf.CsrfFilter@54b76e47, org.springframework.security.web.authentication.logout.LogoutFilter@6da71f59, org.springframework.security.web.authentication.UsernamePasswordAuthenticationFilter@7a4d06e0, org.springframework.security.web.authentication.ui.DefaultLoginPageGeneratingFilter@558eb96b, org.springframework.security.web.authentication.ui.DefaultLogoutPageGeneratingFilter@1620a53d, org.springframework.security.web.authentication.www.BasicAuthenticationFilter@4b9ebaf6, org.springframework.security.web.savedrequest.RequestCacheAwareFilter@15a38f3e, org.springframework.security.web.servletapi.SecurityContextHolderAwareRequestFilter@77a2873c, org.springframework.security.web.authentication.AnonymousAuthenticationFilter@6d5f824d, org.springframework.security.web.access.ExceptionTranslationFilter@1c505d76, org.springframework.security.web.access.intercept.AuthorizationFilter@3049fc6e]
2025-07-20 14:09:48 - Started KensudoWebsiteApplicationTest in 5.514 seconds (process running for 7.122)
]]></system-out>
  <system-err><![CDATA[WARNING: A Java agent has been loaded dynamically (C:\Users\kensu\.gradle\caches\modules-2\files-2.1\net.bytebuddy\byte-buddy-agent\1.14.10\90ed94ac044ea8953b224304c762316e91fd6b31\byte-buddy-agent-1.14.10.jar)
WARNING: If a serviceability tool is in use, please run with -XX:+EnableDynamicAgentLoading to hide this warning
WARNING: If a serviceability tool is not in use, please run with -Djdk.instrument.traceUsage for more information
WARNING: Dynamic loading of agents will be disallowed by default in a future release
]]></system-err>
</testsuite>
