<?xml version="1.0" encoding="UTF-8"?>
<testsuite name="コンストラクタのテスト" tests="2" skipped="0" failures="0" errors="0" timestamp="2025-07-18T22:54:43.214Z" hostname="A8" time="0.03">
  <properties/>
  <testcase name="デフォルトコンストラクタでContactが正しく作成される" classname="jp.kensudo.entity.ContactTest$ConstructorTests" time="0.013"/>
  <testcase name="パラメータ付きコンストラクタでContactが正しく作成される" classname="jp.kensudo.entity.ContactTest$ConstructorTests" time="0.008"/>
  <system-out><![CDATA[]]></system-out>
  <system-err><![CDATA[]]></system-err>
</testsuite>
