<?xml version="1.0" encoding="UTF-8"?>
<testsuite name="BlogPostエンティティのテスト" tests="18" skipped="0" failures="0" errors="0" timestamp="2025-07-18T22:54:43.615Z" hostname="A8" time="0.188">
  <properties/>
  <testcase name="testCreatedAtGetterAndSetter()" classname="jp.kensudo.entity.BlogPostTest" time="0.07"/>
  <testcase name="testViewCountGetterAndSetter()" classname="jp.kensudo.entity.BlogPostTest" time="0.005"/>
  <testcase name="testTitleGetterAndSetter()" classname="jp.kensudo.entity.BlogPostTest" time="0.003"/>
  <testcase name="testTagsGetterAndSetter()" classname="jp.kensudo.entity.BlogPostTest" time="0.003"/>
  <testcase name="testPublishedAtGetterAndSetter()" classname="jp.kensudo.entity.BlogPostTest" time="0.001"/>
  <testcase name="testParameterizedConstructor()" classname="jp.kensudo.entity.BlogPostTest" time="0.003"/>
  <testcase name="testTagsModification()" classname="jp.kensudo.entity.BlogPostTest" time="0.003"/>
  <testcase name="testPostStatusValueOf()" classname="jp.kensudo.entity.BlogPostTest" time="0.003"/>
  <testcase name="testUpdatedAtGetterAndSetter()" classname="jp.kensudo.entity.BlogPostTest" time="0.011"/>
  <testcase name="testSlugGetterAndSetter()" classname="jp.kensudo.entity.BlogPostTest" time="0.013"/>
  <testcase name="testContentGetterAndSetter()" classname="jp.kensudo.entity.BlogPostTest" time="0.006"/>
  <testcase name="testIdGetterAndSetter()" classname="jp.kensudo.entity.BlogPostTest" time="0.001"/>
  <testcase name="testExcerptGetterAndSetter()" classname="jp.kensudo.entity.BlogPostTest" time="0.001"/>
  <testcase name="testPostStatusEnum()" classname="jp.kensudo.entity.BlogPostTest" time="0.001"/>
  <testcase name="testFeaturedImageGetterAndSetter()" classname="jp.kensudo.entity.BlogPostTest" time="0.001"/>
  <testcase name="testPostStatusValues()" classname="jp.kensudo.entity.BlogPostTest" time="0.007"/>
  <testcase name="testDefaultConstructor()" classname="jp.kensudo.entity.BlogPostTest" time="0.003"/>
  <testcase name="testStatusGetterAndSetter()" classname="jp.kensudo.entity.BlogPostTest" time="0.003"/>
  <system-out><![CDATA[]]></system-out>
  <system-err><![CDATA[]]></system-err>
</testsuite>
