<?xml version="1.0" encoding="UTF-8"?>
<testsuite name="jp.kensudo.repository.BlogPostRepositoryTest" tests="12" skipped="0" failures="0" errors="0" timestamp="2025-07-18T22:54:54.970Z" hostname="A8" time="0.472">
  <properties/>
  <testcase name="testFindByTagsContainingAndStatus()" classname="jp.kensudo.repository.BlogPostRepositoryTest" time="0.321"/>
  <testcase name="testCountByStatus()" classname="jp.kensudo.repository.BlogPostRepositoryTest" time="0.026"/>
  <testcase name="testFindByTitleContainingAndStatus()" classname="jp.kensudo.repository.BlogPostRepositoryTest" time="0.012"/>
  <testcase name="testFindAllTags()" classname="jp.kensudo.repository.BlogPostRepositoryTest" time="0.016"/>
  <testcase name="testFindPopularPosts()" classname="jp.kensudo.repository.BlogPostRepositoryTest" time="0.011"/>
  <testcase name="testFindById()" classname="jp.kensudo.repository.BlogPostRepositoryTest" time="0.018"/>
  <testcase name="testSaveBlogPost()" classname="jp.kensudo.repository.BlogPostRepositoryTest" time="0.005"/>
  <testcase name="testDeleteBlogPost()" classname="jp.kensudo.repository.BlogPostRepositoryTest" time="0.01"/>
  <testcase name="testFindByStatusOrderByPublishedAtDesc()" classname="jp.kensudo.repository.BlogPostRepositoryTest" time="0.012"/>
  <testcase name="testFindBySlugAndStatus()" classname="jp.kensudo.repository.BlogPostRepositoryTest" time="0.009"/>
  <testcase name="testFindByContentContainingAndStatus()" classname="jp.kensudo.repository.BlogPostRepositoryTest" time="0.009"/>
  <testcase name="testFindLatestPosts()" classname="jp.kensudo.repository.BlogPostRepositoryTest" time="0.012"/>
  <system-out><![CDATA[2025-07-19 07:54:54 - Could not detect default configuration classes for test class [jp.kensudo.repository.BlogPostRepositoryTest]: BlogPostRepositoryTest does not declare any static, non-private, non-final, nested classes annotated with @Configuration.
2025-07-19 07:54:54 - Found @SpringBootConfiguration jp.kensudo.KensudoWebsiteApplication for test class jp.kensudo.repository.BlogPostRepositoryTest

  .   ____          _            __ _ _
 /\\ / ___'_ __ _ _(_)_ __  __ _ \ \ \ \
( ( )\___ | '_ | '_| | '_ \/ _` | \ \ \ \
 \\/  ___)| |_)| | | | | || (_| |  ) ) ) )
  '  |____| .__|_| |_|_| |_\__, | / / / /
 =========|_|==============|___/=/_/_/_/
 :: Spring Boot ::                (v3.2.0)

2025-07-19 07:54:54 - Starting BlogPostRepositoryTest using Java 21.0.6 with PID 29944 (started by kensu in C:\devlop\it_consultant\backend)
2025-07-19 07:54:54 - Running with Spring Boot v3.2.0, Spring v6.1.1
2025-07-19 07:54:54 - The following 1 profile is active: "test"
2025-07-19 07:54:54 - Bootstrapping Spring Data JPA repositories in DEFAULT mode.
2025-07-19 07:54:54 - Finished Spring Data repository scanning in 7 ms. Found 2 JPA repository interfaces.
2025-07-19 07:54:54 - Replacing 'dataSource' DataSource bean with embedded version
2025-07-19 07:54:54 - Starting embedded database: url='jdbc:h2:mem:44f378ff-eb5c-429e-86a4-6e2c9511506c;DB_CLOSE_DELAY=-1;DB_CLOSE_ON_EXIT=false', username='sa'
2025-07-19 07:54:54 - HHH000204: Processing PersistenceUnitInfo [name: default]
2025-07-19 07:54:54 - HHH000026: Second-level cache disabled
2025-07-19 07:54:54 - No LoadTimeWeaver setup: ignoring JPA class transformer
2025-07-19 07:54:54 - HHH90000025: H2Dialect does not need to be specified explicitly using 'hibernate.dialect' (remove the property setting and it will be selected by default)
2025-07-19 07:54:54 - HHH000489: No JTA platform available (set 'hibernate.transaction.jta.platform' to enable JTA platform integration)
2025-07-19 07:54:54 - 
    drop table if exists blog_post_tags cascade 
Hibernate: 
    drop table if exists blog_post_tags cascade 
2025-07-19 07:54:54 - 
    drop table if exists blog_posts cascade 
Hibernate: 
    drop table if exists blog_posts cascade 
2025-07-19 07:54:54 - 
    drop table if exists contacts cascade 
Hibernate: 
    drop table if exists contacts cascade 
2025-07-19 07:54:54 - 
    create table blog_post_tags (
        post_id bigint not null,
        tag varchar(255)
    )
Hibernate: 
    create table blog_post_tags (
        post_id bigint not null,
        tag varchar(255)
    )
2025-07-19 07:54:54 - 
    create table blog_posts (
        view_count integer,
        created_at timestamp(6) not null,
        id bigint generated by default as identity,
        published_at timestamp(6),
        updated_at timestamp(6),
        content TEXT not null,
        excerpt TEXT,
        featured_image varchar(255),
        slug varchar(255) unique,
        status varchar(255) not null check (status in ('DRAFT','PUBLISHED','ARCHIVED')),
        title varchar(255) not null,
        primary key (id)
    )
Hibernate: 
    create table blog_posts (
        view_count integer,
        created_at timestamp(6) not null,
        id bigint generated by default as identity,
        published_at timestamp(6),
        updated_at timestamp(6),
        content TEXT not null,
        excerpt TEXT,
        featured_image varchar(255),
        slug varchar(255) unique,
        status varchar(255) not null check (status in ('DRAFT','PUBLISHED','ARCHIVED')),
        title varchar(255) not null,
        primary key (id)
    )
2025-07-19 07:54:54 - 
    create table contacts (
        created_at timestamp(6) not null,
        id bigint generated by default as identity,
        company varchar(255),
        email varchar(255) not null,
        message TEXT not null,
        name varchar(255) not null,
        phone varchar(255),
        status varchar(255) not null check (status in ('NEW','IN_PROGRESS','COMPLETED','CLOSED')),
        subject varchar(255) not null,
        primary key (id)
    )
Hibernate: 
    create table contacts (
        created_at timestamp(6) not null,
        id bigint generated by default as identity,
        company varchar(255),
        email varchar(255) not null,
        message TEXT not null,
        name varchar(255) not null,
        phone varchar(255),
        status varchar(255) not null check (status in ('NEW','IN_PROGRESS','COMPLETED','CLOSED')),
        subject varchar(255) not null,
        primary key (id)
    )
2025-07-19 07:54:54 - 
    alter table if exists blog_post_tags 
       add constraint FK7tf83uatm3u6lm9mcthgr8vfh 
       foreign key (post_id) 
       references blog_posts
Hibernate: 
    alter table if exists blog_post_tags 
       add constraint FK7tf83uatm3u6lm9mcthgr8vfh 
       foreign key (post_id) 
       references blog_posts
2025-07-19 07:54:54 - Initialized JPA EntityManagerFactory for persistence unit 'default'
2025-07-19 07:54:54 - Started BlogPostRepositoryTest in 0.323 seconds (process running for 16.062)
2025-07-19 07:54:55 - 
    insert 
    into
        blog_posts
        (content, created_at, excerpt, featured_image, published_at, slug, status, title, updated_at, view_count, id) 
    values
        (?, ?, ?, ?, ?, ?, ?, ?, ?, ?, default)
Hibernate: 
    insert 
    into
        blog_posts
        (content, created_at, excerpt, featured_image, published_at, slug, status, title, updated_at, view_count, id) 
    values
        (?, ?, ?, ?, ?, ?, ?, ?, ?, ?, default)
2025-07-19 07:54:55 - 
    insert 
    into
        blog_post_tags
        (post_id, tag) 
    values
        (?, ?)
Hibernate: 
    insert 
    into
        blog_post_tags
        (post_id, tag) 
    values
        (?, ?)
2025-07-19 07:54:55 - 
    insert 
    into
        blog_post_tags
        (post_id, tag) 
    values
        (?, ?)
Hibernate: 
    insert 
    into
        blog_post_tags
        (post_id, tag) 
    values
        (?, ?)
2025-07-19 07:54:55 - 
    select
        distinct bp1_0.id,
        bp1_0.content,
        bp1_0.created_at,
        bp1_0.excerpt,
        bp1_0.featured_image,
        bp1_0.published_at,
        bp1_0.slug,
        bp1_0.status,
        bp1_0.title,
        bp1_0.updated_at,
        bp1_0.view_count 
    from
        blog_posts bp1_0 
    join
        blog_post_tags t1_0 
            on bp1_0.id=t1_0.post_id 
    where
        t1_0.tag=? 
        and bp1_0.status=? 
    order by
        bp1_0.published_at desc 
    offset
        ? rows 
    fetch
        first ? rows only
Hibernate: 
    select
        distinct bp1_0.id,
        bp1_0.content,
        bp1_0.created_at,
        bp1_0.excerpt,
        bp1_0.featured_image,
        bp1_0.published_at,
        bp1_0.slug,
        bp1_0.status,
        bp1_0.title,
        bp1_0.updated_at,
        bp1_0.view_count 
    from
        blog_posts bp1_0 
    join
        blog_post_tags t1_0 
            on bp1_0.id=t1_0.post_id 
    where
        t1_0.tag=? 
        and bp1_0.status=? 
    order by
        bp1_0.published_at desc 
    offset
        ? rows 
    fetch
        first ? rows only
2025-07-19 07:54:55 - 
    insert 
    into
        blog_posts
        (content, created_at, excerpt, featured_image, published_at, slug, status, title, updated_at, view_count, id) 
    values
        (?, ?, ?, ?, ?, ?, ?, ?, ?, ?, default)
Hibernate: 
    insert 
    into
        blog_posts
        (content, created_at, excerpt, featured_image, published_at, slug, status, title, updated_at, view_count, id) 
    values
        (?, ?, ?, ?, ?, ?, ?, ?, ?, ?, default)
2025-07-19 07:54:55 - 
    insert 
    into
        blog_posts
        (content, created_at, excerpt, featured_image, published_at, slug, status, title, updated_at, view_count, id) 
    values
        (?, ?, ?, ?, ?, ?, ?, ?, ?, ?, default)
Hibernate: 
    insert 
    into
        blog_posts
        (content, created_at, excerpt, featured_image, published_at, slug, status, title, updated_at, view_count, id) 
    values
        (?, ?, ?, ?, ?, ?, ?, ?, ?, ?, default)
2025-07-19 07:54:55 - 
    select
        count(bp1_0.id) 
    from
        blog_posts bp1_0 
    where
        bp1_0.status=?
Hibernate: 
    select
        count(bp1_0.id) 
    from
        blog_posts bp1_0 
    where
        bp1_0.status=?
2025-07-19 07:54:55 - 
    insert 
    into
        blog_posts
        (content, created_at, excerpt, featured_image, published_at, slug, status, title, updated_at, view_count, id) 
    values
        (?, ?, ?, ?, ?, ?, ?, ?, ?, ?, default)
Hibernate: 
    insert 
    into
        blog_posts
        (content, created_at, excerpt, featured_image, published_at, slug, status, title, updated_at, view_count, id) 
    values
        (?, ?, ?, ?, ?, ?, ?, ?, ?, ?, default)
2025-07-19 07:54:55 - 
    select
        bp1_0.id,
        bp1_0.content,
        bp1_0.created_at,
        bp1_0.excerpt,
        bp1_0.featured_image,
        bp1_0.published_at,
        bp1_0.slug,
        bp1_0.status,
        bp1_0.title,
        bp1_0.updated_at,
        bp1_0.view_count 
    from
        blog_posts bp1_0 
    where
        bp1_0.title like ? escape '' 
        and bp1_0.status=? 
    order by
        bp1_0.published_at desc 
    offset
        ? rows 
    fetch
        first ? rows only
Hibernate: 
    select
        bp1_0.id,
        bp1_0.content,
        bp1_0.created_at,
        bp1_0.excerpt,
        bp1_0.featured_image,
        bp1_0.published_at,
        bp1_0.slug,
        bp1_0.status,
        bp1_0.title,
        bp1_0.updated_at,
        bp1_0.view_count 
    from
        blog_posts bp1_0 
    where
        bp1_0.title like ? escape '' 
        and bp1_0.status=? 
    order by
        bp1_0.published_at desc 
    offset
        ? rows 
    fetch
        first ? rows only
2025-07-19 07:54:55 - 
    insert 
    into
        blog_posts
        (content, created_at, excerpt, featured_image, published_at, slug, status, title, updated_at, view_count, id) 
    values
        (?, ?, ?, ?, ?, ?, ?, ?, ?, ?, default)
Hibernate: 
    insert 
    into
        blog_posts
        (content, created_at, excerpt, featured_image, published_at, slug, status, title, updated_at, view_count, id) 
    values
        (?, ?, ?, ?, ?, ?, ?, ?, ?, ?, default)
2025-07-19 07:54:55 - 
    insert 
    into
        blog_post_tags
        (post_id, tag) 
    values
        (?, ?)
Hibernate: 
    insert 
    into
        blog_post_tags
        (post_id, tag) 
    values
        (?, ?)
2025-07-19 07:54:55 - 
    insert 
    into
        blog_post_tags
        (post_id, tag) 
    values
        (?, ?)
Hibernate: 
    insert 
    into
        blog_post_tags
        (post_id, tag) 
    values
        (?, ?)
2025-07-19 07:54:55 - 
    insert 
    into
        blog_posts
        (content, created_at, excerpt, featured_image, published_at, slug, status, title, updated_at, view_count, id) 
    values
        (?, ?, ?, ?, ?, ?, ?, ?, ?, ?, default)
Hibernate: 
    insert 
    into
        blog_posts
        (content, created_at, excerpt, featured_image, published_at, slug, status, title, updated_at, view_count, id) 
    values
        (?, ?, ?, ?, ?, ?, ?, ?, ?, ?, default)
2025-07-19 07:54:55 - 
    insert 
    into
        blog_post_tags
        (post_id, tag) 
    values
        (?, ?)
Hibernate: 
    insert 
    into
        blog_post_tags
        (post_id, tag) 
    values
        (?, ?)
2025-07-19 07:54:55 - 
    insert 
    into
        blog_post_tags
        (post_id, tag) 
    values
        (?, ?)
Hibernate: 
    insert 
    into
        blog_post_tags
        (post_id, tag) 
    values
        (?, ?)
2025-07-19 07:54:55 - 
    select
        distinct t1_0.tag 
    from
        blog_posts bp1_0 
    join
        blog_post_tags t1_0 
            on bp1_0.id=t1_0.post_id 
    where
        bp1_0.status=?
Hibernate: 
    select
        distinct t1_0.tag 
    from
        blog_posts bp1_0 
    join
        blog_post_tags t1_0 
            on bp1_0.id=t1_0.post_id 
    where
        bp1_0.status=?
2025-07-19 07:54:55 - 
    insert 
    into
        blog_posts
        (content, created_at, excerpt, featured_image, published_at, slug, status, title, updated_at, view_count, id) 
    values
        (?, ?, ?, ?, ?, ?, ?, ?, ?, ?, default)
Hibernate: 
    insert 
    into
        blog_posts
        (content, created_at, excerpt, featured_image, published_at, slug, status, title, updated_at, view_count, id) 
    values
        (?, ?, ?, ?, ?, ?, ?, ?, ?, ?, default)
2025-07-19 07:54:55 - 
    insert 
    into
        blog_posts
        (content, created_at, excerpt, featured_image, published_at, slug, status, title, updated_at, view_count, id) 
    values
        (?, ?, ?, ?, ?, ?, ?, ?, ?, ?, default)
Hibernate: 
    insert 
    into
        blog_posts
        (content, created_at, excerpt, featured_image, published_at, slug, status, title, updated_at, view_count, id) 
    values
        (?, ?, ?, ?, ?, ?, ?, ?, ?, ?, default)
2025-07-19 07:54:55 - 
    select
        bp1_0.id,
        bp1_0.content,
        bp1_0.created_at,
        bp1_0.excerpt,
        bp1_0.featured_image,
        bp1_0.published_at,
        bp1_0.slug,
        bp1_0.status,
        bp1_0.title,
        bp1_0.updated_at,
        bp1_0.view_count 
    from
        blog_posts bp1_0 
    where
        bp1_0.status=? 
    order by
        bp1_0.view_count desc 
    offset
        ? rows 
    fetch
        first ? rows only
Hibernate: 
    select
        bp1_0.id,
        bp1_0.content,
        bp1_0.created_at,
        bp1_0.excerpt,
        bp1_0.featured_image,
        bp1_0.published_at,
        bp1_0.slug,
        bp1_0.status,
        bp1_0.title,
        bp1_0.updated_at,
        bp1_0.view_count 
    from
        blog_posts bp1_0 
    where
        bp1_0.status=? 
    order by
        bp1_0.view_count desc 
    offset
        ? rows 
    fetch
        first ? rows only
2025-07-19 07:54:55 - 
    insert 
    into
        blog_posts
        (content, created_at, excerpt, featured_image, published_at, slug, status, title, updated_at, view_count, id) 
    values
        (?, ?, ?, ?, ?, ?, ?, ?, ?, ?, default)
Hibernate: 
    insert 
    into
        blog_posts
        (content, created_at, excerpt, featured_image, published_at, slug, status, title, updated_at, view_count, id) 
    values
        (?, ?, ?, ?, ?, ?, ?, ?, ?, ?, default)
2025-07-19 07:54:55 - 
    insert 
    into
        blog_posts
        (content, created_at, excerpt, featured_image, published_at, slug, status, title, updated_at, view_count, id) 
    values
        (?, ?, ?, ?, ?, ?, ?, ?, ?, ?, default)
Hibernate: 
    insert 
    into
        blog_posts
        (content, created_at, excerpt, featured_image, published_at, slug, status, title, updated_at, view_count, id) 
    values
        (?, ?, ?, ?, ?, ?, ?, ?, ?, ?, default)
2025-07-19 07:54:55 - 
    insert 
    into
        blog_posts
        (content, created_at, excerpt, featured_image, published_at, slug, status, title, updated_at, view_count, id) 
    values
        (?, ?, ?, ?, ?, ?, ?, ?, ?, ?, default)
Hibernate: 
    insert 
    into
        blog_posts
        (content, created_at, excerpt, featured_image, published_at, slug, status, title, updated_at, view_count, id) 
    values
        (?, ?, ?, ?, ?, ?, ?, ?, ?, ?, default)
2025-07-19 07:54:55 - 
    insert 
    into
        blog_posts
        (content, created_at, excerpt, featured_image, published_at, slug, status, title, updated_at, view_count, id) 
    values
        (?, ?, ?, ?, ?, ?, ?, ?, ?, ?, default)
Hibernate: 
    insert 
    into
        blog_posts
        (content, created_at, excerpt, featured_image, published_at, slug, status, title, updated_at, view_count, id) 
    values
        (?, ?, ?, ?, ?, ?, ?, ?, ?, ?, default)
2025-07-19 07:54:55 - 
    insert 
    into
        blog_posts
        (content, created_at, excerpt, featured_image, published_at, slug, status, title, updated_at, view_count, id) 
    values
        (?, ?, ?, ?, ?, ?, ?, ?, ?, ?, default)
Hibernate: 
    insert 
    into
        blog_posts
        (content, created_at, excerpt, featured_image, published_at, slug, status, title, updated_at, view_count, id) 
    values
        (?, ?, ?, ?, ?, ?, ?, ?, ?, ?, default)
2025-07-19 07:54:55 - 
    select
        bp1_0.id,
        bp1_0.content,
        bp1_0.created_at,
        bp1_0.excerpt,
        bp1_0.featured_image,
        bp1_0.published_at,
        bp1_0.slug,
        bp1_0.status,
        bp1_0.title,
        bp1_0.updated_at,
        bp1_0.view_count 
    from
        blog_posts bp1_0 
    where
        bp1_0.status=? 
    order by
        bp1_0.published_at desc 
    offset
        ? rows 
    fetch
        first ? rows only
Hibernate: 
    select
        bp1_0.id,
        bp1_0.content,
        bp1_0.created_at,
        bp1_0.excerpt,
        bp1_0.featured_image,
        bp1_0.published_at,
        bp1_0.slug,
        bp1_0.status,
        bp1_0.title,
        bp1_0.updated_at,
        bp1_0.view_count 
    from
        blog_posts bp1_0 
    where
        bp1_0.status=? 
    order by
        bp1_0.published_at desc 
    offset
        ? rows 
    fetch
        first ? rows only
2025-07-19 07:54:55 - 
    insert 
    into
        blog_posts
        (content, created_at, excerpt, featured_image, published_at, slug, status, title, updated_at, view_count, id) 
    values
        (?, ?, ?, ?, ?, ?, ?, ?, ?, ?, default)
Hibernate: 
    insert 
    into
        blog_posts
        (content, created_at, excerpt, featured_image, published_at, slug, status, title, updated_at, view_count, id) 
    values
        (?, ?, ?, ?, ?, ?, ?, ?, ?, ?, default)
2025-07-19 07:54:55 - 
    select
        bp1_0.id,
        bp1_0.content,
        bp1_0.created_at,
        bp1_0.excerpt,
        bp1_0.featured_image,
        bp1_0.published_at,
        bp1_0.slug,
        bp1_0.status,
        bp1_0.title,
        bp1_0.updated_at,
        bp1_0.view_count 
    from
        blog_posts bp1_0 
    where
        bp1_0.slug=? 
        and bp1_0.status=?
Hibernate: 
    select
        bp1_0.id,
        bp1_0.content,
        bp1_0.created_at,
        bp1_0.excerpt,
        bp1_0.featured_image,
        bp1_0.published_at,
        bp1_0.slug,
        bp1_0.status,
        bp1_0.title,
        bp1_0.updated_at,
        bp1_0.view_count 
    from
        blog_posts bp1_0 
    where
        bp1_0.slug=? 
        and bp1_0.status=?
2025-07-19 07:54:55 - 
    insert 
    into
        blog_posts
        (content, created_at, excerpt, featured_image, published_at, slug, status, title, updated_at, view_count, id) 
    values
        (?, ?, ?, ?, ?, ?, ?, ?, ?, ?, default)
Hibernate: 
    insert 
    into
        blog_posts
        (content, created_at, excerpt, featured_image, published_at, slug, status, title, updated_at, view_count, id) 
    values
        (?, ?, ?, ?, ?, ?, ?, ?, ?, ?, default)
2025-07-19 07:54:55 - 
    select
        bp1_0.id,
        bp1_0.content,
        bp1_0.created_at,
        bp1_0.excerpt,
        bp1_0.featured_image,
        bp1_0.published_at,
        bp1_0.slug,
        bp1_0.status,
        bp1_0.title,
        bp1_0.updated_at,
        bp1_0.view_count 
    from
        blog_posts bp1_0 
    where
        bp1_0.content like ? escape '' 
        and bp1_0.status=? 
    order by
        bp1_0.published_at desc 
    offset
        ? rows 
    fetch
        first ? rows only
Hibernate: 
    select
        bp1_0.id,
        bp1_0.content,
        bp1_0.created_at,
        bp1_0.excerpt,
        bp1_0.featured_image,
        bp1_0.published_at,
        bp1_0.slug,
        bp1_0.status,
        bp1_0.title,
        bp1_0.updated_at,
        bp1_0.view_count 
    from
        blog_posts bp1_0 
    where
        bp1_0.content like ? escape '' 
        and bp1_0.status=? 
    order by
        bp1_0.published_at desc 
    offset
        ? rows 
    fetch
        first ? rows only
2025-07-19 07:54:55 - 
    insert 
    into
        blog_posts
        (content, created_at, excerpt, featured_image, published_at, slug, status, title, updated_at, view_count, id) 
    values
        (?, ?, ?, ?, ?, ?, ?, ?, ?, ?, default)
Hibernate: 
    insert 
    into
        blog_posts
        (content, created_at, excerpt, featured_image, published_at, slug, status, title, updated_at, view_count, id) 
    values
        (?, ?, ?, ?, ?, ?, ?, ?, ?, ?, default)
2025-07-19 07:54:55 - 
    insert 
    into
        blog_posts
        (content, created_at, excerpt, featured_image, published_at, slug, status, title, updated_at, view_count, id) 
    values
        (?, ?, ?, ?, ?, ?, ?, ?, ?, ?, default)
Hibernate: 
    insert 
    into
        blog_posts
        (content, created_at, excerpt, featured_image, published_at, slug, status, title, updated_at, view_count, id) 
    values
        (?, ?, ?, ?, ?, ?, ?, ?, ?, ?, default)
2025-07-19 07:54:55 - 
    select
        bp1_0.id,
        bp1_0.content,
        bp1_0.created_at,
        bp1_0.excerpt,
        bp1_0.featured_image,
        bp1_0.published_at,
        bp1_0.slug,
        bp1_0.status,
        bp1_0.title,
        bp1_0.updated_at,
        bp1_0.view_count 
    from
        blog_posts bp1_0 
    where
        bp1_0.status=? 
    order by
        bp1_0.published_at desc 
    offset
        ? rows 
    fetch
        first ? rows only
Hibernate: 
    select
        bp1_0.id,
        bp1_0.content,
        bp1_0.created_at,
        bp1_0.excerpt,
        bp1_0.featured_image,
        bp1_0.published_at,
        bp1_0.slug,
        bp1_0.status,
        bp1_0.title,
        bp1_0.updated_at,
        bp1_0.view_count 
    from
        blog_posts bp1_0 
    where
        bp1_0.status=? 
    order by
        bp1_0.published_at desc 
    offset
        ? rows 
    fetch
        first ? rows only
]]></system-out>
  <system-err><![CDATA[]]></system-err>
</testsuite>
