<?xml version="1.0" encoding="UTF-8"?>
<testsuite name="getter/setterのテスト" tests="9" skipped="0" failures="0" errors="0" timestamp="2025-07-18T22:54:43.098Z" hostname="A8" time="0.09">
  <properties/>
  <testcase name="メッセージのgetter/setterが正しく動作する" classname="jp.kensudo.entity.ContactTest$GetterSetterTests" time="0.002"/>
  <testcase name="会社名のgetter/setterが正しく動作する" classname="jp.kensudo.entity.ContactTest$GetterSetterTests" time="0.005"/>
  <testcase name="メールアドレスのgetter/setterが正しく動作する" classname="jp.kensudo.entity.ContactTest$GetterSetterTests" time="0.014"/>
  <testcase name="件名のgetter/setterが正しく動作する" classname="jp.kensudo.entity.ContactTest$GetterSetterTests" time="0.014"/>
  <testcase name="電話番号のgetter/setterが正しく動作する" classname="jp.kensudo.entity.ContactTest$GetterSetterTests" time="0.002"/>
  <testcase name="ステータスのgetter/setterが正しく動作する" classname="jp.kensudo.entity.ContactTest$GetterSetterTests" time="0.003"/>
  <testcase name="IDのgetter/setterが正しく動作する" classname="jp.kensudo.entity.ContactTest$GetterSetterTests" time="0.001"/>
  <testcase name="作成日時のgetter/setterが正しく動作する" classname="jp.kensudo.entity.ContactTest$GetterSetterTests" time="0.015"/>
  <testcase name="名前のgetter/setterが正しく動作する" classname="jp.kensudo.entity.ContactTest$GetterSetterTests" time="0.003"/>
  <system-out><![CDATA[]]></system-out>
  <system-err><![CDATA[]]></system-err>
</testsuite>
