<?xml version="1.0" encoding="UTF-8"?>
<testsuite name="jp.kensudo.repository.ContactRepositoryTest" tests="10" skipped="0" failures="0" errors="0" timestamp="2025-07-18T22:54:52.614Z" hostname="A8" time="1.118">
  <properties/>
  <testcase name="testCountByStatus()" classname="jp.kensudo.repository.ContactRepositoryTest" time="0.938"/>
  <testcase name="testDeleteContact()" classname="jp.kensudo.repository.ContactRepositoryTest" time="0.028"/>
  <testcase name="testFindByCreatedAtBetween()" classname="jp.kensudo.repository.ContactRepositoryTest" time="0.033"/>
  <testcase name="testFindBySubjectContaining()" classname="jp.kensudo.repository.ContactRepositoryTest" time="0.023"/>
  <testcase name="testCountTodayContacts()" classname="jp.kensudo.repository.ContactRepositoryTest" time="0.015"/>
  <testcase name="testFindById()" classname="jp.kensudo.repository.ContactRepositoryTest" time="0.009"/>
  <testcase name="testSaveContact()" classname="jp.kensudo.repository.ContactRepositoryTest" time="0.009"/>
  <testcase name="testFindByCompanyOrderByCreatedAtDesc()" classname="jp.kensudo.repository.ContactRepositoryTest" time="0.013"/>
  <testcase name="testFindByStatusOrderByCreatedAtDesc()" classname="jp.kensudo.repository.ContactRepositoryTest" time="0.019"/>
  <testcase name="testFindByEmailOrderByCreatedAtDesc()" classname="jp.kensudo.repository.ContactRepositoryTest" time="0.018"/>
  <system-out><![CDATA[07:54:44.053 [Test worker] INFO org.springframework.test.context.support.AnnotationConfigContextLoaderUtils -- Could not detect default configuration classes for test class [jp.kensudo.repository.ContactRepositoryTest]: ContactRepositoryTest does not declare any static, non-private, non-final, nested classes annotated with @Configuration.
07:54:44.538 [Test worker] INFO org.springframework.boot.test.context.SpringBootTestContextBootstrapper -- Found @SpringBootConfiguration jp.kensudo.KensudoWebsiteApplication for test class jp.kensudo.repository.ContactRepositoryTest

  .   ____          _            __ _ _
 /\\ / ___'_ __ _ _(_)_ __  __ _ \ \ \ \
( ( )\___ | '_ | '_| | '_ \/ _` | \ \ \ \
 \\/  ___)| |_)| | | | | || (_| |  ) ) ) )
  '  |____| .__|_| |_|_| |_\__, | / / / /
 =========|_|==============|___/=/_/_/_/
 :: Spring Boot ::                (v3.2.0)

2025-07-19 07:54:45 - Starting ContactRepositoryTest using Java 21.0.6 with PID 24812 (started by kensu in C:\devlop\it_consultant\backend)
2025-07-19 07:54:45 - Running with Spring Boot v3.2.0, Spring v6.1.1
2025-07-19 07:54:45 - The following 1 profile is active: "test"
2025-07-19 07:54:47 - Bootstrapping Spring Data JPA repositories in DEFAULT mode.
2025-07-19 07:54:47 - Finished Spring Data repository scanning in 101 ms. Found 2 JPA repository interfaces.
2025-07-19 07:54:47 - Replacing 'dataSource' DataSource bean with embedded version
2025-07-19 07:54:47 - Starting embedded database: url='jdbc:h2:mem:99fa2dd2-5fb2-42e1-a2c9-f48997c43b5a;DB_CLOSE_DELAY=-1;DB_CLOSE_ON_EXIT=false', username='sa'
2025-07-19 07:54:48 - HHH000204: Processing PersistenceUnitInfo [name: default]
2025-07-19 07:54:48 - HHH000412: Hibernate ORM core version 6.3.1.Final
2025-07-19 07:54:48 - HHH000026: Second-level cache disabled
2025-07-19 07:54:49 - No LoadTimeWeaver setup: ignoring JPA class transformer
2025-07-19 07:54:49 - HHH90000025: H2Dialect does not need to be specified explicitly using 'hibernate.dialect' (remove the property setting and it will be selected by default)
2025-07-19 07:54:51 - HHH000489: No JTA platform available (set 'hibernate.transaction.jta.platform' to enable JTA platform integration)
2025-07-19 07:54:51 - 
    drop table if exists blog_post_tags cascade 
Hibernate: 
    drop table if exists blog_post_tags cascade 
2025-07-19 07:54:51 - 
    drop table if exists blog_posts cascade 
Hibernate: 
    drop table if exists blog_posts cascade 
2025-07-19 07:54:51 - 
    drop table if exists contacts cascade 
Hibernate: 
    drop table if exists contacts cascade 
2025-07-19 07:54:51 - 
    create table blog_post_tags (
        post_id bigint not null,
        tag varchar(255)
    )
Hibernate: 
    create table blog_post_tags (
        post_id bigint not null,
        tag varchar(255)
    )
2025-07-19 07:54:51 - 
    create table blog_posts (
        view_count integer,
        created_at timestamp(6) not null,
        id bigint generated by default as identity,
        published_at timestamp(6),
        updated_at timestamp(6),
        content TEXT not null,
        excerpt TEXT,
        featured_image varchar(255),
        slug varchar(255) unique,
        status varchar(255) not null check (status in ('DRAFT','PUBLISHED','ARCHIVED')),
        title varchar(255) not null,
        primary key (id)
    )
Hibernate: 
    create table blog_posts (
        view_count integer,
        created_at timestamp(6) not null,
        id bigint generated by default as identity,
        published_at timestamp(6),
        updated_at timestamp(6),
        content TEXT not null,
        excerpt TEXT,
        featured_image varchar(255),
        slug varchar(255) unique,
        status varchar(255) not null check (status in ('DRAFT','PUBLISHED','ARCHIVED')),
        title varchar(255) not null,
        primary key (id)
    )
2025-07-19 07:54:51 - 
    create table contacts (
        created_at timestamp(6) not null,
        id bigint generated by default as identity,
        company varchar(255),
        email varchar(255) not null,
        message TEXT not null,
        name varchar(255) not null,
        phone varchar(255),
        status varchar(255) not null check (status in ('NEW','IN_PROGRESS','COMPLETED','CLOSED')),
        subject varchar(255) not null,
        primary key (id)
    )
Hibernate: 
    create table contacts (
        created_at timestamp(6) not null,
        id bigint generated by default as identity,
        company varchar(255),
        email varchar(255) not null,
        message TEXT not null,
        name varchar(255) not null,
        phone varchar(255),
        status varchar(255) not null check (status in ('NEW','IN_PROGRESS','COMPLETED','CLOSED')),
        subject varchar(255) not null,
        primary key (id)
    )
2025-07-19 07:54:51 - 
    alter table if exists blog_post_tags 
       add constraint FK7tf83uatm3u6lm9mcthgr8vfh 
       foreign key (post_id) 
       references blog_posts
Hibernate: 
    alter table if exists blog_post_tags 
       add constraint FK7tf83uatm3u6lm9mcthgr8vfh 
       foreign key (post_id) 
       references blog_posts
2025-07-19 07:54:51 - Initialized JPA EntityManagerFactory for persistence unit 'default'
2025-07-19 07:54:51 - Hibernate is in classpath; If applicable, HQL parser will be used.
2025-07-19 07:54:52 - Started ContactRepositoryTest in 7.809 seconds (process running for 13.68)
2025-07-19 07:54:53 - 
    insert 
    into
        contacts
        (company, created_at, email, message, name, phone, status, subject, id) 
    values
        (?, ?, ?, ?, ?, ?, ?, ?, default)
Hibernate: 
    insert 
    into
        contacts
        (company, created_at, email, message, name, phone, status, subject, id) 
    values
        (?, ?, ?, ?, ?, ?, ?, ?, default)
2025-07-19 07:54:53 - 
    insert 
    into
        contacts
        (company, created_at, email, message, name, phone, status, subject, id) 
    values
        (?, ?, ?, ?, ?, ?, ?, ?, default)
Hibernate: 
    insert 
    into
        contacts
        (company, created_at, email, message, name, phone, status, subject, id) 
    values
        (?, ?, ?, ?, ?, ?, ?, ?, default)
2025-07-19 07:54:53 - 
    select
        count(c1_0.id) 
    from
        contacts c1_0 
    where
        c1_0.status=?
Hibernate: 
    select
        count(c1_0.id) 
    from
        contacts c1_0 
    where
        c1_0.status=?
2025-07-19 07:54:53 - 
    insert 
    into
        contacts
        (company, created_at, email, message, name, phone, status, subject, id) 
    values
        (?, ?, ?, ?, ?, ?, ?, ?, default)
Hibernate: 
    insert 
    into
        contacts
        (company, created_at, email, message, name, phone, status, subject, id) 
    values
        (?, ?, ?, ?, ?, ?, ?, ?, default)
2025-07-19 07:54:53 - 
    insert 
    into
        contacts
        (company, created_at, email, message, name, phone, status, subject, id) 
    values
        (?, ?, ?, ?, ?, ?, ?, ?, default)
Hibernate: 
    insert 
    into
        contacts
        (company, created_at, email, message, name, phone, status, subject, id) 
    values
        (?, ?, ?, ?, ?, ?, ?, ?, default)
2025-07-19 07:54:53 - 
    select
        c1_0.id,
        c1_0.company,
        c1_0.created_at,
        c1_0.email,
        c1_0.message,
        c1_0.name,
        c1_0.phone,
        c1_0.status,
        c1_0.subject 
    from
        contacts c1_0 
    where
        c1_0.created_at between ? and ? 
    order by
        c1_0.created_at desc
Hibernate: 
    select
        c1_0.id,
        c1_0.company,
        c1_0.created_at,
        c1_0.email,
        c1_0.message,
        c1_0.name,
        c1_0.phone,
        c1_0.status,
        c1_0.subject 
    from
        contacts c1_0 
    where
        c1_0.created_at between ? and ? 
    order by
        c1_0.created_at desc
2025-07-19 07:54:53 - 
    insert 
    into
        contacts
        (company, created_at, email, message, name, phone, status, subject, id) 
    values
        (?, ?, ?, ?, ?, ?, ?, ?, default)
Hibernate: 
    insert 
    into
        contacts
        (company, created_at, email, message, name, phone, status, subject, id) 
    values
        (?, ?, ?, ?, ?, ?, ?, ?, default)
2025-07-19 07:54:53 - 
    select
        c1_0.id,
        c1_0.company,
        c1_0.created_at,
        c1_0.email,
        c1_0.message,
        c1_0.name,
        c1_0.phone,
        c1_0.status,
        c1_0.subject 
    from
        contacts c1_0 
    where
        c1_0.subject like ? escape '' 
    order by
        c1_0.created_at desc 
    offset
        ? rows 
    fetch
        first ? rows only
Hibernate: 
    select
        c1_0.id,
        c1_0.company,
        c1_0.created_at,
        c1_0.email,
        c1_0.message,
        c1_0.name,
        c1_0.phone,
        c1_0.status,
        c1_0.subject 
    from
        contacts c1_0 
    where
        c1_0.subject like ? escape '' 
    order by
        c1_0.created_at desc 
    offset
        ? rows 
    fetch
        first ? rows only
2025-07-19 07:54:53 - 
    insert 
    into
        contacts
        (company, created_at, email, message, name, phone, status, subject, id) 
    values
        (?, ?, ?, ?, ?, ?, ?, ?, default)
Hibernate: 
    insert 
    into
        contacts
        (company, created_at, email, message, name, phone, status, subject, id) 
    values
        (?, ?, ?, ?, ?, ?, ?, ?, default)
2025-07-19 07:54:53 - 
    select
        count(c1_0.id) 
    from
        contacts c1_0 
    where
        cast(c1_0.created_at as date)=current_date
Hibernate: 
    select
        count(c1_0.id) 
    from
        contacts c1_0 
    where
        cast(c1_0.created_at as date)=current_date
2025-07-19 07:54:53 - 
    insert 
    into
        contacts
        (company, created_at, email, message, name, phone, status, subject, id) 
    values
        (?, ?, ?, ?, ?, ?, ?, ?, default)
Hibernate: 
    insert 
    into
        contacts
        (company, created_at, email, message, name, phone, status, subject, id) 
    values
        (?, ?, ?, ?, ?, ?, ?, ?, default)
2025-07-19 07:54:53 - 
    insert 
    into
        contacts
        (company, created_at, email, message, name, phone, status, subject, id) 
    values
        (?, ?, ?, ?, ?, ?, ?, ?, default)
Hibernate: 
    insert 
    into
        contacts
        (company, created_at, email, message, name, phone, status, subject, id) 
    values
        (?, ?, ?, ?, ?, ?, ?, ?, default)
2025-07-19 07:54:53 - 
    insert 
    into
        contacts
        (company, created_at, email, message, name, phone, status, subject, id) 
    values
        (?, ?, ?, ?, ?, ?, ?, ?, default)
Hibernate: 
    insert 
    into
        contacts
        (company, created_at, email, message, name, phone, status, subject, id) 
    values
        (?, ?, ?, ?, ?, ?, ?, ?, default)
2025-07-19 07:54:53 - 
    select
        c1_0.id,
        c1_0.company,
        c1_0.created_at,
        c1_0.email,
        c1_0.message,
        c1_0.name,
        c1_0.phone,
        c1_0.status,
        c1_0.subject 
    from
        contacts c1_0 
    where
        c1_0.company=? 
    order by
        c1_0.created_at desc
Hibernate: 
    select
        c1_0.id,
        c1_0.company,
        c1_0.created_at,
        c1_0.email,
        c1_0.message,
        c1_0.name,
        c1_0.phone,
        c1_0.status,
        c1_0.subject 
    from
        contacts c1_0 
    where
        c1_0.company=? 
    order by
        c1_0.created_at desc
2025-07-19 07:54:53 - 
    insert 
    into
        contacts
        (company, created_at, email, message, name, phone, status, subject, id) 
    values
        (?, ?, ?, ?, ?, ?, ?, ?, default)
Hibernate: 
    insert 
    into
        contacts
        (company, created_at, email, message, name, phone, status, subject, id) 
    values
        (?, ?, ?, ?, ?, ?, ?, ?, default)
2025-07-19 07:54:53 - 
    insert 
    into
        contacts
        (company, created_at, email, message, name, phone, status, subject, id) 
    values
        (?, ?, ?, ?, ?, ?, ?, ?, default)
Hibernate: 
    insert 
    into
        contacts
        (company, created_at, email, message, name, phone, status, subject, id) 
    values
        (?, ?, ?, ?, ?, ?, ?, ?, default)
2025-07-19 07:54:53 - 
    select
        c1_0.id,
        c1_0.company,
        c1_0.created_at,
        c1_0.email,
        c1_0.message,
        c1_0.name,
        c1_0.phone,
        c1_0.status,
        c1_0.subject 
    from
        contacts c1_0 
    where
        c1_0.status=? 
    order by
        c1_0.created_at desc 
    offset
        ? rows 
    fetch
        first ? rows only
Hibernate: 
    select
        c1_0.id,
        c1_0.company,
        c1_0.created_at,
        c1_0.email,
        c1_0.message,
        c1_0.name,
        c1_0.phone,
        c1_0.status,
        c1_0.subject 
    from
        contacts c1_0 
    where
        c1_0.status=? 
    order by
        c1_0.created_at desc 
    offset
        ? rows 
    fetch
        first ? rows only
2025-07-19 07:54:53 - 
    insert 
    into
        contacts
        (company, created_at, email, message, name, phone, status, subject, id) 
    values
        (?, ?, ?, ?, ?, ?, ?, ?, default)
Hibernate: 
    insert 
    into
        contacts
        (company, created_at, email, message, name, phone, status, subject, id) 
    values
        (?, ?, ?, ?, ?, ?, ?, ?, default)
2025-07-19 07:54:53 - 
    insert 
    into
        contacts
        (company, created_at, email, message, name, phone, status, subject, id) 
    values
        (?, ?, ?, ?, ?, ?, ?, ?, default)
Hibernate: 
    insert 
    into
        contacts
        (company, created_at, email, message, name, phone, status, subject, id) 
    values
        (?, ?, ?, ?, ?, ?, ?, ?, default)
2025-07-19 07:54:53 - 
    select
        c1_0.id,
        c1_0.company,
        c1_0.created_at,
        c1_0.email,
        c1_0.message,
        c1_0.name,
        c1_0.phone,
        c1_0.status,
        c1_0.subject 
    from
        contacts c1_0 
    where
        c1_0.email=? 
    order by
        c1_0.created_at desc
Hibernate: 
    select
        c1_0.id,
        c1_0.company,
        c1_0.created_at,
        c1_0.email,
        c1_0.message,
        c1_0.name,
        c1_0.phone,
        c1_0.status,
        c1_0.subject 
    from
        contacts c1_0 
    where
        c1_0.email=? 
    order by
        c1_0.created_at desc
]]></system-out>
  <system-err><![CDATA[WARNING: A Java agent has been loaded dynamically (C:\Users\kensu\.gradle\caches\modules-2\files-2.1\net.bytebuddy\byte-buddy-agent\1.14.10\90ed94ac044ea8953b224304c762316e91fd6b31\byte-buddy-agent-1.14.10.jar)
WARNING: If a serviceability tool is in use, please run with -XX:+EnableDynamicAgentLoading to hide this warning
WARNING: If a serviceability tool is not in use, please run with -Djdk.instrument.traceUsage for more information
WARNING: Dynamic loading of agents will be disallowed by default in a future release
]]></system-err>
</testsuite>
