<?xml version="1.0" encoding="UTF-8"?>
<testsuite name="jp.kensudo.service.ContactServiceTest" tests="13" skipped="0" failures="0" errors="0" timestamp="2025-07-18T22:54:43.887Z" hostname="A8" time="3.628">
  <properties/>
  <testcase name="testGetContactById()" classname="jp.kensudo.service.ContactServiceTest" time="3.37"/>
  <testcase name="testUpdateContactStatus()" classname="jp.kensudo.service.ContactServiceTest" time="0.023"/>
  <testcase name="testGetContactsByStatus()" classname="jp.kensudo.service.ContactServiceTest" time="0.052"/>
  <testcase name="testGetContactByIdNotFound()" classname="jp.kensudo.service.ContactServiceTest" time="0.011"/>
  <testcase name="testSaveContactWithMailException()" classname="jp.kensudo.service.ContactServiceTest" time="0.032"/>
  <testcase name="testGetTodayContactCount()" classname="jp.kensudo.service.ContactServiceTest" time="0.012"/>
  <testcase name="testUpdateContactStatusNotFound()" classname="jp.kensudo.service.ContactServiceTest" time="0.028"/>
  <testcase name="testGetContactsByDateRange()" classname="jp.kensudo.service.ContactServiceTest" time="0.011"/>
  <testcase name="testSaveContact()" classname="jp.kensudo.service.ContactServiceTest" time="0.017"/>
  <testcase name="testGetContactsByEmail()" classname="jp.kensudo.service.ContactServiceTest" time="0.009"/>
  <testcase name="testGetNewContactCount()" classname="jp.kensudo.service.ContactServiceTest" time="0.011"/>
  <testcase name="testSearchContactsBySubject()" classname="jp.kensudo.service.ContactServiceTest" time="0.004"/>
  <testcase name="testGetAllContacts()" classname="jp.kensudo.service.ContactServiceTest" time="0.005"/>
  <system-out><![CDATA[]]></system-out>
  <system-err><![CDATA[WARNING: A Java agent has been loaded dynamically (C:\Users\kensu\.gradle\caches\modules-2\files-2.1\net.bytebuddy\byte-buddy-agent\1.14.10\90ed94ac044ea8953b224304c762316e91fd6b31\byte-buddy-agent-1.14.10.jar)
WARNING: If a serviceability tool is in use, please run with -XX:+EnableDynamicAgentLoading to hide this warning
WARNING: If a serviceability tool is not in use, please run with -Djdk.instrument.traceUsage for more information
WARNING: Dynamic loading of agents will be disallowed by default in a future release
確認メール送信に失敗しました: Mail error
管理者通知メール送信に失敗しました: Mail error
]]></system-err>
</testsuite>
